Synthesizing design: adder_16bit.sv
dc_shell-t -x "source -echo do_mapping.tcl"
                                        
                           Design Compiler Graphical 
                                 DC Ultra (TM)
                                  DFTMAX (TM)
                              Power Compiler (TM)
                                 DesignWare (R)
                                 DC Expert (TM)
                               Design Vision (TM)
                               HDL Compiler (TM)
                               VHDL Compiler (TM)
                                  DFT Compiler
                               Design Compiler(R)
                                        
               Version K-2015.06-SP1 for linux64 - Jul 21, 2015 
                                        
                    Copyright (c) 1988 - 2015 Synopsys, Inc.
   This software and the associated documentation are proprietary to Synopsys,
 Inc. This software may only be used in accordance with the terms and conditions
 of a written license agreement with Synopsys, Inc. All other use, reproduction,
            or distribution of this software is strictly prohibited.
Initializing...
Initializing gui preferences from file  /home/ecegrid/a/mg147/.synopsys_dv_prefs.tcl
# Step 1:  Read in the source file
analyze -format sverilog -lib WORK {adder_1bit.sv adder_nbit.sv adder_16bit.sv}
Running PRESTO HDLC
Compiling source file ./source/adder_1bit.sv
Warning:  ./source/adder_1bit.sv:22: The construct 'immediate assertion' is not supported in synthesis; it is ignored. (VER-708)
Warning:  ./source/adder_1bit.sv:25: The construct 'immediate assertion' is not supported in synthesis; it is ignored. (VER-708)
Warning:  ./source/adder_1bit.sv:28: The construct 'immediate assertion' is not supported in synthesis; it is ignored. (VER-708)
Warning:  ./source/adder_1bit.sv:42: The construct 'immediate assertion' is not supported in synthesis; it is ignored. (VER-708)
Compiling source file ./source/adder_nbit.sv
Warning:  ./source/adder_1bit.sv:42: delay controls are ignored for synthesis. (VER-176)
Warning:  ./source/adder_nbit.sv:33: The construct 'immediate assertion' is not supported in synthesis; it is ignored. (VER-708)
Warning:  ./source/adder_nbit.sv:38: The construct 'immediate assertion' is not supported in synthesis; it is ignored. (VER-708)
Warning:  ./source/adder_nbit.sv:43: The construct 'immediate assertion' is not supported in synthesis; it is ignored. (VER-708)
Warning:  ./source/adder_nbit.sv:63: The construct 'immediate assertion' is not supported in synthesis; it is ignored. (VER-708)
Warning:  ./source/adder_nbit.sv:66: The construct 'immediate assertion' is not supported in synthesis; it is ignored. (VER-708)
Compiling source file ./source/adder_16bit.sv
Warning:  ./source/adder_nbit.sv:63: delay controls are ignored for synthesis. (VER-176)
Warning:  ./source/adder_nbit.sv:66: delay controls are ignored for synthesis. (VER-176)
Warning:  ./source/adder_16bit.sv:29: The construct 'immediate assertion' is not supported in synthesis; it is ignored. (VER-708)
Warning:  ./source/adder_16bit.sv:34: The construct 'immediate assertion' is not supported in synthesis; it is ignored. (VER-708)
Warning:  ./source/adder_16bit.sv:39: The construct 'immediate assertion' is not supported in synthesis; it is ignored. (VER-708)
Presto compilation completed successfully.
Loading db file '/package/eda/cells/OSU/v2.7/synopsys/lib/ami05/osu05_stdcells.db'
Loading db file '/package/eda/synopsys/syn-K-2015.06-SP1/libraries/syn/dw_foundation.sldb'
elaborate adder_16bit -lib WORK
Loading db file '/package/eda/synopsys/syn-K-2015.06-SP1/libraries/syn/gtech.db'
Loading db file '/package/eda/synopsys/syn-K-2015.06-SP1/libraries/syn/standard.sldb'
  Loading link library 'osu05_stdcells'
  Loading link library 'gtech'
Running PRESTO HDLC
Warning:  ./source/adder_16bit.sv:27: Netlist for always block is empty. (ELAB-985)
Warning:  ./source/adder_16bit.sv:27: Netlist for always block is empty. (ELAB-985)
Warning:  ./source/adder_16bit.sv:27: Netlist for always block is empty. (ELAB-985)
Warning:  ./source/adder_16bit.sv:27: Netlist for always block is empty. (ELAB-985)
Warning:  ./source/adder_16bit.sv:27: Netlist for always block is empty. (ELAB-985)
Warning:  ./source/adder_16bit.sv:27: Netlist for always block is empty. (ELAB-985)
Warning:  ./source/adder_16bit.sv:27: Netlist for always block is empty. (ELAB-985)
Warning:  ./source/adder_16bit.sv:27: Netlist for always block is empty. (ELAB-985)
Warning:  ./source/adder_16bit.sv:27: Netlist for always block is empty. (ELAB-985)
Warning:  ./source/adder_16bit.sv:27: Netlist for always block is empty. (ELAB-985)
Warning:  ./source/adder_16bit.sv:27: Netlist for always block is empty. (ELAB-985)
Warning:  ./source/adder_16bit.sv:27: Netlist for always block is empty. (ELAB-985)
Warning:  ./source/adder_16bit.sv:27: Netlist for always block is empty. (ELAB-985)
Warning:  ./source/adder_16bit.sv:27: Netlist for always block is empty. (ELAB-985)
Warning:  ./source/adder_16bit.sv:27: Netlist for always block is empty. (ELAB-985)
Warning:  ./source/adder_16bit.sv:27: Netlist for always block is empty. (ELAB-985)
Presto compilation completed successfully.
Elaborated 1 design.
Current design is now 'adder_16bit'.
Information: Building the design 'adder_nbit' instantiated from design 'adder_16bit' with
	the parameters "16". (HDL-193)
Warning:  ./source/adder_nbit.sv:31: Netlist for always block is empty. (ELAB-985)
Warning:  ./source/adder_nbit.sv:31: Netlist for always block is empty. (ELAB-985)
Warning:  ./source/adder_nbit.sv:31: Netlist for always block is empty. (ELAB-985)
Warning:  ./source/adder_nbit.sv:31: Netlist for always block is empty. (ELAB-985)
Warning:  ./source/adder_nbit.sv:31: Netlist for always block is empty. (ELAB-985)
Warning:  ./source/adder_nbit.sv:31: Netlist for always block is empty. (ELAB-985)
Warning:  ./source/adder_nbit.sv:31: Netlist for always block is empty. (ELAB-985)
Warning:  ./source/adder_nbit.sv:31: Netlist for always block is empty. (ELAB-985)
Warning:  ./source/adder_nbit.sv:31: Netlist for always block is empty. (ELAB-985)
Warning:  ./source/adder_nbit.sv:31: Netlist for always block is empty. (ELAB-985)
Warning:  ./source/adder_nbit.sv:31: Netlist for always block is empty. (ELAB-985)
Warning:  ./source/adder_nbit.sv:31: Netlist for always block is empty. (ELAB-985)
Warning:  ./source/adder_nbit.sv:31: Netlist for always block is empty. (ELAB-985)
Warning:  ./source/adder_nbit.sv:31: Netlist for always block is empty. (ELAB-985)
Warning:  ./source/adder_nbit.sv:31: Netlist for always block is empty. (ELAB-985)
Warning:  ./source/adder_nbit.sv:31: Netlist for always block is empty. (ELAB-985)
Warning:  ./source/adder_nbit.sv:61: Netlist for always block is empty. (ELAB-985)
Warning:  ./source/adder_nbit.sv:61: Netlist for always block is empty. (ELAB-985)
Warning:  ./source/adder_nbit.sv:61: Netlist for always block is empty. (ELAB-985)
Warning:  ./source/adder_nbit.sv:61: Netlist for always block is empty. (ELAB-985)
Warning:  ./source/adder_nbit.sv:61: Netlist for always block is empty. (ELAB-985)
Warning:  ./source/adder_nbit.sv:61: Netlist for always block is empty. (ELAB-985)
Warning:  ./source/adder_nbit.sv:61: Netlist for always block is empty. (ELAB-985)
Warning:  ./source/adder_nbit.sv:61: Netlist for always block is empty. (ELAB-985)
Warning:  ./source/adder_nbit.sv:61: Netlist for always block is empty. (ELAB-985)
Warning:  ./source/adder_nbit.sv:61: Netlist for always block is empty. (ELAB-985)
Warning:  ./source/adder_nbit.sv:61: Netlist for always block is empty. (ELAB-985)
Warning:  ./source/adder_nbit.sv:61: Netlist for always block is empty. (ELAB-985)
Warning:  ./source/adder_nbit.sv:61: Netlist for always block is empty. (ELAB-985)
Warning:  ./source/adder_nbit.sv:61: Netlist for always block is empty. (ELAB-985)
Warning:  ./source/adder_nbit.sv:61: Netlist for always block is empty. (ELAB-985)
Warning:  ./source/adder_nbit.sv:61: Netlist for always block is empty. (ELAB-985)
Presto compilation completed successfully.
Information: Building the design 'adder_1bit'. (HDL-193)
Warning:  ./source/adder_1bit.sv:20: Netlist for always block is empty. (ELAB-985)
Warning:  ./source/adder_1bit.sv:40: Netlist for always block is empty. (ELAB-985)
Presto compilation completed successfully.
uniquify
Information: Uniquified 16 instances of design 'adder_1bit'. (OPT-1056)
# Step 2: Set design constraints
# Uncomment below to set timing, area, power, etc. constraints
# set_max_delay <delay> -from "<input>" -to "<output>"
# set_max_area <area>
# set_max_total_power <power> mW
# Step 3: Compile the design
compile -map_effort medium
Information: Evaluating DesignWare library utilization. (UISN-27)

============================================================================
| DesignWare Building Block Library  |         Version         | Available |
============================================================================
| Basic DW Building Blocks           | K-2015.06-DWBB_201506.1 |     *     |
| Licensed DW Building Blocks        | K-2015.06-DWBB_201506.1 |           |
============================================================================



  Beginning Pass 1 Mapping
  ------------------------
  Processing 'adder_1bit_0'
  Processing 'adder_nbit_BIT_WIDTH16'
  Processing 'adder_16bit'

  Updating timing information
Information: Updating design information... (UID-85)
Information: Design 'adder_16bit' has no optimization constraints set. (OPT-108)

  Beginning Mapping Optimizations  (Medium effort)
  -------------------------------
  Structuring 'adder_1bit_14'
  Mapping 'adder_1bit_14'
  Structuring 'adder_1bit_13'
  Mapping 'adder_1bit_13'
  Structuring 'adder_1bit_12'
  Mapping 'adder_1bit_12'
  Structuring 'adder_1bit_11'
  Mapping 'adder_1bit_11'
  Structuring 'adder_1bit_10'
  Mapping 'adder_1bit_10'
  Structuring 'adder_1bit_9'
  Mapping 'adder_1bit_9'
  Structuring 'adder_1bit_8'
  Mapping 'adder_1bit_8'
  Structuring 'adder_1bit_7'
  Mapping 'adder_1bit_7'
  Structuring 'adder_1bit_6'
  Mapping 'adder_1bit_6'
  Structuring 'adder_1bit_5'
  Mapping 'adder_1bit_5'
  Structuring 'adder_1bit_4'
  Mapping 'adder_1bit_4'
  Structuring 'adder_1bit_3'
  Mapping 'adder_1bit_3'
  Structuring 'adder_1bit_2'
  Mapping 'adder_1bit_2'
  Structuring 'adder_1bit_1'
  Mapping 'adder_1bit_1'
  Structuring 'adder_1bit_0'
  Mapping 'adder_1bit_0'
  Structuring 'adder_1bit_15'
  Mapping 'adder_1bit_15'

                                  TOTAL                                      
   ELAPSED            WORST NEG   SETUP    DESIGN                            
    TIME      AREA      SLACK     COST    RULE COST         ENDPOINT         
  --------- --------- --------- --------- --------- -------------------------
    0:00:00   24192.0      0.00       0.0       0.0                          
    0:00:00   24192.0      0.00       0.0       0.0                          
    0:00:00   24192.0      0.00       0.0       0.0                          
    0:00:00   24192.0      0.00       0.0       0.0                          
    0:00:00   24192.0      0.00       0.0       0.0                          
    0:00:00   24192.0      0.00       0.0       0.0                          
    0:00:00   24192.0      0.00       0.0       0.0                          
    0:00:00   24192.0      0.00       0.0       0.0                          
    0:00:00   24192.0      0.00       0.0       0.0                          
    0:00:00   24192.0      0.00       0.0       0.0                          
    0:00:00   24192.0      0.00       0.0       0.0                          
    0:00:00   24192.0      0.00       0.0       0.0                          



  Beginning Delay Optimization Phase
  ----------------------------------

                                  TOTAL                                      
   ELAPSED            WORST NEG   SETUP    DESIGN                            
    TIME      AREA      SLACK     COST    RULE COST         ENDPOINT         
  --------- --------- --------- --------- --------- -------------------------
    0:00:00   24192.0      0.00       0.0       0.0                          
    0:00:00   24192.0      0.00       0.0       0.0                          
    0:00:00   24192.0      0.00       0.0       0.0                          


  Beginning Area-Recovery Phase  (cleanup)
  -----------------------------

                                  TOTAL                                      
   ELAPSED            WORST NEG   SETUP    DESIGN                            
    TIME      AREA      SLACK     COST    RULE COST         ENDPOINT         
  --------- --------- --------- --------- --------- -------------------------
    0:00:00   24192.0      0.00       0.0       0.0                          
    0:00:00   24192.0      0.00       0.0       0.0                          
    0:00:00   24192.0      0.00       0.0       0.0                          
    0:00:00   24192.0      0.00       0.0       0.0                          
    0:00:00   24192.0      0.00       0.0       0.0                          
    0:00:00   24192.0      0.00       0.0       0.0                          
    0:00:00   24192.0      0.00       0.0       0.0                          
    0:00:00   24192.0      0.00       0.0       0.0                          
    0:00:00   24192.0      0.00       0.0       0.0                          
    0:00:00   24192.0      0.00       0.0       0.0                          
    0:00:00   24192.0      0.00       0.0       0.0                          
Loading db file '/package/eda/cells/OSU/v2.7/synopsys/lib/ami05/osu05_stdcells.db'


Note: Symbol # after min delay cost means estimated hold TNS across all active scenarios 


  Optimization Complete
  ---------------------
# Step 4: Output reports
report_timing -path full -delay max -max_paths 1 -nworst 1 > reports/adder_16bit.rep
report_area >> reports/adder_16bit.rep
report_power -hier >> reports/adder_16bit.rep
# Step 5: Output final VHDL and Verilog files
write_file -format verilog -hierarchy -output "mapped/adder_16bit.v"
Writing verilog file '/home/ecegrid/a/mg147/ece337/Lab3/mapped/adder_16bit.v'.
echo "\nScript Done\n"

Script Done

echo "\nChecking Design\n"

Checking Design

check_design
quit

Thank you...
Done


